<?xml version="1.0" encoding="UTF-8"?>
<testng-results ignored="0" total="2" passed="2" failed="0" skipped="0">
  <reporter-output>
  </reporter-output>
  <suite started-at="2025-04-15T11:17:16 IST" name="Suite" finished-at="2025-04-15T11:17:16 IST" duration-ms="66">
    <groups>
    </groups>
    <test started-at="2025-04-15T11:17:16 IST" name="Test" finished-at="2025-04-15T11:17:16 IST" duration-ms="66">
      <class name="com.login.tests.LoginTest">
        <test-method signature="f()[pri:0, instance:com.login.tests.LoginTest@6caf0677]" started-at="2025-04-15T11:17:16 IST" name="f" finished-at="2025-04-15T11:17:16 IST" duration-ms="2" status="PASS">
          <reporter-output>
          </reporter-output>
        </test-method> <!-- f -->
      </class> <!-- com.login.tests.LoginTest -->
      <class name="com.register.tests.RegisterTest">
        <test-method signature="f()[pri:0, instance:com.register.tests.RegisterTest@4b29d1d2]" started-at="2025-04-15T11:17:16 IST" name="f" finished-at="2025-04-15T11:17:16 IST" duration-ms="11" status="PASS">
          <reporter-output>
          </reporter-output>
        </test-method> <!-- f -->
      </class> <!-- com.register.tests.RegisterTest -->
    </test> <!-- Test -->
  </suite> <!-- Suite -->
</testng-results>
