<?xml version="1.0" encoding="UTF-8"?>
<testng-results ignored="0" total="1" passed="1" failed="0" skipped="0">
  <reporter-output>
  </reporter-output>
  <suite started-at="2024-08-16T10:14:30 IST" name="Default suite" finished-at="2024-08-16T10:14:39 IST" duration-ms="9278">
    <groups>
    </groups>
    <test started-at="2024-08-16T10:14:30 IST" name="Default test" finished-at="2024-08-16T10:14:39 IST" duration-ms="9278">
      <class name="com.login.tests.LoginTest">
        <test-method is-config="true" signature="Launch_Browser()[pri:0, instance:com.login.tests.LoginTest@5524cca1]" started-at="2024-08-16T10:14:30 IST" name="Launch_Browser" finished-at="2024-08-16T10:14:37 IST" duration-ms="6678" status="PASS">
          <reporter-output>
          </reporter-output>
        </test-method> <!-- Launch_Browser -->
        <test-method signature="Check_Login()[pri:0, instance:com.login.tests.LoginTest@5524cca1]" started-at="2024-08-16T10:14:37 IST" name="Check_Login" finished-at="2024-08-16T10:14:37 IST" duration-ms="25" status="PASS">
          <reporter-output>
          </reporter-output>
        </test-method> <!-- Check_Login -->
        <test-method is-config="true" signature="Close_Browser()[pri:0, instance:com.login.tests.LoginTest@5524cca1]" started-at="2024-08-16T10:14:37 IST" name="Close_Browser" finished-at="2024-08-16T10:14:39 IST" duration-ms="2513" status="PASS">
          <reporter-output>
          </reporter-output>
        </test-method> <!-- Close_Browser -->
      </class> <!-- com.login.tests.LoginTest -->
    </test> <!-- Default test -->
  </suite> <!-- Default suite -->
</testng-results>
